This file contains any messages produced by compilers while
running configure, to aid debugging if configure makes a mistake.

It was created by Google C++ Testing Framework configure 1.7.0, which was
generated by GNU Autoconf 2.69.  Invocation command line was

  $ ./configure --disable-option-checking --prefix=/usr/local CFLAGS= CXXFLAGS= -g -DNDEBUG --cache-file=/dev/null --srcdir=.

## --------- ##
## Platform. ##
## --------- ##

hostname = MININT-TEBN50G
uname -m = x86_64
uname -r = 2.5.1(0.297/5/3)
uname -s = CYGWIN_NT-10.0
uname -v = 2016-04-21 22:14

/usr/bin/uname -p = unknown
/bin/uname -X     = unknown

/bin/arch              = x86_64
/usr/bin/arch -k       = unknown
/usr/convex/getsysinfo = unknown
/usr/bin/hostinfo      = unknown
/bin/machine           = unknown
/usr/bin/oslevel       = unknown
/bin/universe          = unknown

PATH: /usr/local/bin
PATH: /usr/bin
PATH: /cygdrive/d/Applications/swigwin-3.0.8
PATH: /usr/bin
PATH: /cygdrive/d/Applications/Python27
PATH: /cygdrive/d/Applications/Python27/Scripts
PATH: /cygdrive/d/Applications/Java/jdk1.8.0_91/bin
PATH: /cygdrive/d/Applications/Git/bin
PATH: /cygdrive/d/Applications/apache-maven-3.3.9/bin
PATH: /cygdrive/d/Applications/CMake/bin
PATH: /cygdrive/d/Applications/protoc/bin
PATH: /cygdrive/c/Program Files (x86)/Intel/iCLS Client
PATH: /cygdrive/c/Program Files/Intel/iCLS Client
PATH: /cygdrive/c/Program Files/Common Files/Microsoft Shared/Microsoft Online Services
PATH: /cygdrive/c/Program Files (x86)/Common Files/Microsoft Shared/Microsoft Online Services
PATH: /cygdrive/c/windows/system32
PATH: /cygdrive/c/windows
PATH: /cygdrive/c/windows/System32/Wbem
PATH: /cygdrive/c/windows/System32/WindowsPowerShell/v1.0
PATH: /cygdrive/c/Program Files/Intel/Intel(R) Management Engine Components/DAL
PATH: /cygdrive/c/Program Files (x86)/Intel/Intel(R) Management Engine Components/DAL
PATH: /cygdrive/c/Program Files/Intel/Intel(R) Management Engine Components/IPT
PATH: /cygdrive/c/Program Files (x86)/Intel/Intel(R) Management Engine Components/IPT
PATH: /cygdrive/c/Program Files (x86)/ATI Technologies/ATI.ACE/Core-Static
PATH: /cygdrive/c/Program Files (x86)/Windows Kits/8.1/Windows Performance Toolkit
PATH: /cygdrive/c/Program Files/Microsoft SQL Server/110/Tools/Binn


## ----------- ##
## Core tests. ##
## ----------- ##

configure:2319: checking for a BSD-compatible install
configure:2387: result: /usr/bin/install -c
configure:2398: checking whether build environment is sane
configure:2448: result: yes
configure:2589: checking for a thread-safe mkdir -p
configure:2628: result: /usr/bin/mkdir -p
configure:2641: checking for gawk
configure:2657: found /usr/bin/gawk
configure:2668: result: gawk
configure:2679: checking whether make sets $(MAKE)
configure:2701: result: yes
configure:2831: checking for gcc
configure:2847: found /usr/bin/gcc
configure:2858: result: gcc
configure:3087: checking for C compiler version
configure:3096: gcc --version >&5
gcc (GCC) 5.3.0
Copyright (C) 2015 Free Software Foundation, Inc.
This is free software; see the source for copying conditions.  There is NO
warranty; not even for MERCHANTABILITY or FITNESS FOR A PARTICULAR PURPOSE.

configure:3107: $? = 0
configure:3096: gcc -v >&5
Using built-in specs.
COLLECT_GCC=gcc
COLLECT_LTO_WRAPPER=/usr/lib/gcc/x86_64-pc-cygwin/5.3.0/lto-wrapper.exe
Target: x86_64-pc-cygwin
Configured with: /cygdrive/i/szsz/tmpp/gcc/gcc-5.3.0-5.x86_64/src/gcc-5.3.0/configure --srcdir=/cygdrive/i/szsz/tmpp/gcc/gcc-5.3.0-5.x86_64/src/gcc-5.3.0 --prefix=/usr --exec-prefix=/usr --localstatedir=/var --sysconfdir=/etc --docdir=/usr/share/doc/gcc --htmldir=/usr/share/doc/gcc/html -C --build=x86_64-pc-cygwin --host=x86_64-pc-cygwin --target=x86_64-pc-cygwin --without-libiconv-prefix --without-libintl-prefix --libexecdir=/usr/lib --enable-shared --enable-shared-libgcc --enable-static --enable-version-specific-runtime-libs --enable-bootstrap --enable-__cxa_atexit --with-dwarf2 --with-tune=generic --enable-languages=ada,c,c++,fortran,lto,objc,obj-c++ --enable-graphite --enable-threads=posix --enable-libatomic --enable-libcilkrts --enable-libgomp --enable-libitm --enable-libquadmath --enable-libquadmath-support --enable-libssp --enable-libada --enable-libgcj-sublibs --disable-java-awt --disable-symvers --with-ecj-jar=/usr/share/java/ecj.jar --with-gnu-ld --with-gnu-as --with-cloog-include=/usr/include/cloog-isl --without-libiconv-prefix --without-libintl-prefix --with-system-zlib --enable-linker-build-id --with-default-libstdcxx-abi=gcc4-compatible
Thread model: posix
gcc version 5.3.0 (GCC) 
configure:3107: $? = 0
configure:3096: gcc -V >&5
gcc: error: unrecognized command line option '-V'
gcc: fatal error: no input files
compilation terminated.
configure:3107: $? = 1
configure:3096: gcc -qversion >&5
gcc: error: unrecognized command line option '-qversion'
gcc: fatal error: no input files
compilation terminated.
configure:3107: $? = 1
configure:3127: checking whether the C compiler works
configure:3149: gcc    conftest.c  >&5
configure:3153: $? = 0
configure:3201: result: yes
configure:3204: checking for C compiler default output file name
configure:3206: result: a.exe
configure:3212: checking for suffix of executables
configure:3219: gcc -o conftest.exe    conftest.c  >&5
configure:3223: $? = 0
configure:3245: result: .exe
configure:3267: checking whether we are cross compiling
configure:3275: gcc -o conftest.exe    conftest.c  >&5
configure:3279: $? = 0
configure:3286: ./conftest.exe
configure:3290: $? = 0
configure:3305: result: no
configure:3310: checking for suffix of object files
configure:3332: gcc -c   conftest.c >&5
configure:3336: $? = 0
configure:3357: result: o
configure:3361: checking whether we are using the GNU C compiler
configure:3380: gcc -c   conftest.c >&5
configure:3380: $? = 0
configure:3389: result: yes
configure:3398: checking whether gcc accepts -g
configure:3418: gcc -c -g  conftest.c >&5
configure:3418: $? = 0
configure:3459: result: yes
configure:3476: checking for gcc option to accept ISO C89
configure:3539: gcc  -c   conftest.c >&5
configure:3539: $? = 0
configure:3552: result: none needed
configure:3583: checking for style of include used by make
configure:3611: result: GNU
configure:3637: checking dependency style of gcc
configure:3748: result: gcc3
configure:3821: checking for g++
configure:3837: found /usr/bin/g++
configure:3848: result: g++
configure:3875: checking for C++ compiler version
configure:3884: g++ --version >&5
g++ (GCC) 5.3.0
Copyright (C) 2015 Free Software Foundation, Inc.
This is free software; see the source for copying conditions.  There is NO
warranty; not even for MERCHANTABILITY or FITNESS FOR A PARTICULAR PURPOSE.

configure:3895: $? = 0
configure:3884: g++ -v >&5
Using built-in specs.
COLLECT_GCC=g++
COLLECT_LTO_WRAPPER=/usr/lib/gcc/x86_64-pc-cygwin/5.3.0/lto-wrapper.exe
Target: x86_64-pc-cygwin
Configured with: /cygdrive/i/szsz/tmpp/gcc/gcc-5.3.0-5.x86_64/src/gcc-5.3.0/configure --srcdir=/cygdrive/i/szsz/tmpp/gcc/gcc-5.3.0-5.x86_64/src/gcc-5.3.0 --prefix=/usr --exec-prefix=/usr --localstatedir=/var --sysconfdir=/etc --docdir=/usr/share/doc/gcc --htmldir=/usr/share/doc/gcc/html -C --build=x86_64-pc-cygwin --host=x86_64-pc-cygwin --target=x86_64-pc-cygwin --without-libiconv-prefix --without-libintl-prefix --libexecdir=/usr/lib --enable-shared --enable-shared-libgcc --enable-static --enable-version-specific-runtime-libs --enable-bootstrap --enable-__cxa_atexit --with-dwarf2 --with-tune=generic --enable-languages=ada,c,c++,fortran,lto,objc,obj-c++ --enable-graphite --enable-threads=posix --enable-libatomic --enable-libcilkrts --enable-libgomp --enable-libitm --enable-libquadmath --enable-libquadmath-support --enable-libssp --enable-libada --enable-libgcj-sublibs --disable-java-awt --disable-symvers --with-ecj-jar=/usr/share/java/ecj.jar --with-gnu-ld --with-gnu-as --with-cloog-include=/usr/include/cloog-isl --without-libiconv-prefix --without-libintl-prefix --with-system-zlib --enable-linker-build-id --with-default-libstdcxx-abi=gcc4-compatible
Thread model: posix
gcc version 5.3.0 (GCC) 
configure:3895: $? = 0
configure:3884: g++ -V >&5
g++: error: unrecognized command line option '-V'
g++: fatal error: no input files
compilation terminated.
configure:3895: $? = 1
configure:3884: g++ -qversion >&5
g++: error: unrecognized command line option '-qversion'
g++: fatal error: no input files
compilation terminated.
configure:3895: $? = 1
configure:3899: checking whether we are using the GNU C++ compiler
configure:3918: g++ -c  -g -DNDEBUG  conftest.cpp >&5
configure:3918: $? = 0
configure:3927: result: yes
configure:3936: checking whether g++ accepts -g
configure:3956: g++ -c -g  conftest.cpp >&5
configure:3956: $? = 0
configure:3997: result: yes
configure:4022: checking dependency style of g++
configure:4133: result: gcc3
configure:4183: checking build system type
configure:4197: result: x86_64-unknown-cygwin
configure:4217: checking host system type
configure:4230: result: x86_64-unknown-cygwin
configure:4271: checking how to print strings
configure:4298: result: printf
configure:4319: checking for a sed that does not truncate output
configure:4383: result: /usr/bin/sed
configure:4401: checking for grep that handles long lines and -e
configure:4459: result: /usr/bin/grep
configure:4464: checking for egrep
configure:4526: result: /usr/bin/grep -E
configure:4531: checking for fgrep
configure:4593: result: /usr/bin/grep -F
configure:4628: checking for ld used by gcc
configure:4695: result: /usr/x86_64-pc-cygwin/bin/ld.exe
configure:4702: checking if the linker (/usr/x86_64-pc-cygwin/bin/ld.exe) is GNU ld
configure:4717: result: yes
configure:4729: checking for BSD- or MS-compatible name lister (nm)
configure:4783: result: /usr/bin/nm -B
configure:4913: checking the name lister (/usr/bin/nm -B) interface
configure:4920: g++ -c  -g -DNDEBUG  conftest.cpp >&5
configure:4923: /usr/bin/nm -B "conftest.o"
configure:4926: output
0000000000000000 b .bss
0000000000000000 d .data
0000000000000000 N .debug_abbrev
0000000000000000 N .debug_aranges
0000000000000000 N .debug_info
0000000000000000 N .debug_line
0000000000000000 r .rdata$zzz
0000000000000000 t .text
0000000000000000 B some_variable
configure:4933: result: BSD nm
configure:4936: checking whether ln -s works
configure:4940: result: yes
configure:4948: checking the maximum length of command line arguments
configure:5079: result: 8192
configure:5127: checking how to convert x86_64-unknown-cygwin file names to x86_64-unknown-cygwin format
configure:5167: result: func_convert_file_noop
configure:5174: checking how to convert x86_64-unknown-cygwin file names to toolchain format
configure:5194: result: func_convert_file_noop
configure:5201: checking for /usr/x86_64-pc-cygwin/bin/ld.exe option to reload object files
configure:5208: result: -r
configure:5282: checking for objdump
configure:5298: found /usr/bin/objdump
configure:5309: result: objdump
configure:5341: checking how to recognize dependent libraries
configure:5541: result: file_magic ^x86 archive import|^x86 DLL
configure:5626: checking for dlltool
configure:5642: found /usr/bin/dlltool
configure:5653: result: dlltool
configure:5686: checking how to associate runtime and link libraries
configure:5713: result: func_cygming_dll_for_implib
configure:5774: checking for ar
configure:5790: found /usr/bin/ar
configure:5801: result: ar
configure:5838: checking for archiver @FILE support
configure:5855: g++ -c  -g -DNDEBUG  conftest.cpp >&5
configure:5855: $? = 0
configure:5858: ar cru libconftest.a @conftest.lst >&5
configure:5861: $? = 0
configure:5866: ar cru libconftest.a @conftest.lst >&5
ar: conftest.o: No such file or directory
configure:5869: $? = 1
configure:5881: result: @
configure:5939: checking for strip
configure:5955: found /usr/bin/strip
configure:5966: result: strip
configure:6038: checking for ranlib
configure:6054: found /usr/bin/ranlib
configure:6065: result: ranlib
configure:6167: checking command to parse /usr/bin/nm -B output from gcc object
configure:6320: g++ -c  -g -DNDEBUG  conftest.cpp >&5
configure:6323: $? = 0
configure:6327: /usr/bin/nm -B conftest.o \| sed -n -e 's/^.*[ ]\([ABCDGIRSTW][ABCDGIRSTW]*\)[ ][ ]*\([_A-Za-z][_A-Za-z0-9]*\)$/\1 \2 \2/p' | sed '/ __gnu_lto/d' \> conftest.nm
configure:6330: $? = 0
configure:6396: g++ -o conftest.exe  -g -DNDEBUG   conftest.cpp conftstm.o >&5
configure:6399: $? = 0
configure:6437: result: ok
configure:6484: checking for sysroot
configure:6514: result: no
configure:6521: checking for a working dd
configure:6559: result: /usr/bin/dd
configure:6563: checking how to truncate binary pipes
configure:6578: result: /usr/bin/dd bs=4096 count=1
configure:6908: checking for mt
configure:6938: result: no
configure:6958: checking if : is a manifest tool
configure:6964: : '-?'
configure:6972: result: no
configure:7649: checking how to run the C preprocessor
configure:7680: gcc -E  conftest.c
configure:7680: $? = 0
configure:7694: gcc -E  conftest.c
conftest.c:11:28: fatal error: ac_nonexistent.h: No such file or directory
compilation terminated.
configure:7694: $? = 1
configure: failed program was:
| /* confdefs.h */
| #define PACKAGE_NAME "Google C++ Testing Framework"
| #define PACKAGE_TARNAME "gtest"
| #define PACKAGE_VERSION "1.7.0"
| #define PACKAGE_STRING "Google C++ Testing Framework 1.7.0"
| #define PACKAGE_BUGREPORT "googletestframework@googlegroups.com"
| #define PACKAGE_URL ""
| #define PACKAGE "gtest"
| #define VERSION "1.7.0"
| /* end confdefs.h.  */
| #include <ac_nonexistent.h>
configure:7719: result: gcc -E
configure:7739: gcc -E  conftest.c
configure:7739: $? = 0
configure:7753: gcc -E  conftest.c
conftest.c:11:28: fatal error: ac_nonexistent.h: No such file or directory
compilation terminated.
configure:7753: $? = 1
configure: failed program was:
| /* confdefs.h */
| #define PACKAGE_NAME "Google C++ Testing Framework"
| #define PACKAGE_TARNAME "gtest"
| #define PACKAGE_VERSION "1.7.0"
| #define PACKAGE_STRING "Google C++ Testing Framework 1.7.0"
| #define PACKAGE_BUGREPORT "googletestframework@googlegroups.com"
| #define PACKAGE_URL ""
| #define PACKAGE "gtest"
| #define VERSION "1.7.0"
| /* end confdefs.h.  */
| #include <ac_nonexistent.h>
configure:7782: checking for ANSI C header files
configure:7802: gcc -c   conftest.c >&5
configure:7802: $? = 0
configure:7875: gcc -o conftest.exe    conftest.c  >&5
configure:7875: $? = 0
configure:7875: ./conftest.exe
configure:7875: $? = 0
configure:7886: result: yes
configure:7899: checking for sys/types.h
configure:7899: gcc -c   conftest.c >&5
configure:7899: $? = 0
configure:7899: result: yes
configure:7899: checking for sys/stat.h
configure:7899: gcc -c   conftest.c >&5
configure:7899: $? = 0
configure:7899: result: yes
configure:7899: checking for stdlib.h
configure:7899: gcc -c   conftest.c >&5
configure:7899: $? = 0
configure:7899: result: yes
configure:7899: checking for string.h
configure:7899: gcc -c   conftest.c >&5
configure:7899: $? = 0
configure:7899: result: yes
configure:7899: checking for memory.h
configure:7899: gcc -c   conftest.c >&5
configure:7899: $? = 0
configure:7899: result: yes
configure:7899: checking for strings.h
configure:7899: gcc -c   conftest.c >&5
configure:7899: $? = 0
configure:7899: result: yes
configure:7899: checking for inttypes.h
configure:7899: gcc -c   conftest.c >&5
configure:7899: $? = 0
configure:7899: result: yes
configure:7899: checking for stdint.h
configure:7899: gcc -c   conftest.c >&5
configure:7899: $? = 0
configure:7899: result: yes
configure:7899: checking for unistd.h
configure:7899: gcc -c   conftest.c >&5
configure:7899: $? = 0
configure:7899: result: yes
configure:7913: checking for dlfcn.h
configure:7913: gcc -c   conftest.c >&5
configure:7913: $? = 0
configure:7913: result: yes
configure:8179: checking for objdir
configure:8194: result: .libs
configure:8458: checking if gcc supports -fno-rtti -fno-exceptions
configure:8476: gcc -c   -fno-rtti -fno-exceptions conftest.c >&5
cc1: warning: command line option '-fno-rtti' is valid for C++/ObjC++ but not for C
configure:8480: $? = 0
configure:8493: result: no
configure:8851: checking for gcc option to produce PIC
configure:8858: result: -DDLL_EXPORT -DPIC
configure:8866: checking if gcc PIC flag -DDLL_EXPORT -DPIC works
configure:8884: gcc -c   -DDLL_EXPORT -DPIC -DPIC conftest.c >&5
configure:8888: $? = 0
configure:8901: result: yes
configure:8930: checking if gcc static flag -static works
configure:8958: result: yes
configure:8973: checking if gcc supports -c -o file.o
configure:8994: gcc -c   -o out/conftest2.o conftest.c >&5
configure:8998: $? = 0
configure:9020: result: yes
configure:9028: checking if gcc supports -c -o file.o
configure:9075: result: yes
configure:9108: checking whether the gcc linker (/usr/x86_64-pc-cygwin/bin/ld.exe) supports shared libraries
configure:10367: result: yes
configure:10404: checking whether -lc should be explicitly linked in
configure:10412: gcc -c   conftest.c >&5
configure:10415: $? = 0
configure:10430: gcc -shared conftest.o  -v -o ./conftest -Wl,--enable-auto-image-base -Xlinker --out-implib -Xlinker conftest 2\>\&1 \| /usr/bin/grep  -lc  \>/dev/null 2\>\&1
configure:10433: $? = 1
configure:10447: result: yes
configure:10607: checking dynamic linker characteristics
configure:11425: result: Win32 ld.exe
configure:11547: checking how to hardcode library paths into programs
configure:11572: result: immediate
configure:12120: checking whether stripping libraries is possible
configure:12125: result: yes
configure:12160: checking if libtool supports shared libraries
configure:12162: result: yes
configure:12165: checking whether to build shared libraries
configure:12190: result: yes
configure:12193: checking whether to build static libraries
configure:12197: result: yes
configure:12220: checking how to run the C++ preprocessor
configure:12247: g++ -E  conftest.cpp
configure:12247: $? = 0
configure:12261: g++ -E  conftest.cpp
conftest.cpp:23:28: fatal error: ac_nonexistent.h: No such file or directory
compilation terminated.
configure:12261: $? = 1
configure: failed program was:
| /* confdefs.h */
| #define PACKAGE_NAME "Google C++ Testing Framework"
| #define PACKAGE_TARNAME "gtest"
| #define PACKAGE_VERSION "1.7.0"
| #define PACKAGE_STRING "Google C++ Testing Framework 1.7.0"
| #define PACKAGE_BUGREPORT "googletestframework@googlegroups.com"
| #define PACKAGE_URL ""
| #define PACKAGE "gtest"
| #define VERSION "1.7.0"
| #define STDC_HEADERS 1
| #define HAVE_SYS_TYPES_H 1
| #define HAVE_SYS_STAT_H 1
| #define HAVE_STDLIB_H 1
| #define HAVE_STRING_H 1
| #define HAVE_MEMORY_H 1
| #define HAVE_STRINGS_H 1
| #define HAVE_INTTYPES_H 1
| #define HAVE_STDINT_H 1
| #define HAVE_UNISTD_H 1
| #define HAVE_DLFCN_H 1
| #define LT_OBJDIR ".libs/"
| /* end confdefs.h.  */
| #include <ac_nonexistent.h>
configure:12286: result: g++ -E
configure:12306: g++ -E  conftest.cpp
configure:12306: $? = 0
configure:12320: g++ -E  conftest.cpp
conftest.cpp:23:28: fatal error: ac_nonexistent.h: No such file or directory
compilation terminated.
configure:12320: $? = 1
configure: failed program was:
| /* confdefs.h */
| #define PACKAGE_NAME "Google C++ Testing Framework"
| #define PACKAGE_TARNAME "gtest"
| #define PACKAGE_VERSION "1.7.0"
| #define PACKAGE_STRING "Google C++ Testing Framework 1.7.0"
| #define PACKAGE_BUGREPORT "googletestframework@googlegroups.com"
| #define PACKAGE_URL ""
| #define PACKAGE "gtest"
| #define VERSION "1.7.0"
| #define STDC_HEADERS 1
| #define HAVE_SYS_TYPES_H 1
| #define HAVE_SYS_STAT_H 1
| #define HAVE_STDLIB_H 1
| #define HAVE_STRING_H 1
| #define HAVE_MEMORY_H 1
| #define HAVE_STRINGS_H 1
| #define HAVE_INTTYPES_H 1
| #define HAVE_STDINT_H 1
| #define HAVE_UNISTD_H 1
| #define HAVE_DLFCN_H 1
| #define LT_OBJDIR ".libs/"
| /* end confdefs.h.  */
| #include <ac_nonexistent.h>
configure:12482: checking for ld used by g++
configure:12549: result: /usr/x86_64-pc-cygwin/bin/ld.exe
configure:12556: checking if the linker (/usr/x86_64-pc-cygwin/bin/ld.exe) is GNU ld
configure:12571: result: yes
configure:12626: checking whether the g++ linker (/usr/x86_64-pc-cygwin/bin/ld.exe) supports shared libraries
configure:13699: result: yes
configure:13735: g++ -c  -g -DNDEBUG  conftest.cpp >&5
configure:13738: $? = 0
configure:14219: checking for g++ option to produce PIC
configure:14226: result: -DDLL_EXPORT -DPIC
configure:14234: checking if g++ PIC flag -DDLL_EXPORT -DPIC works
configure:14252: g++ -c  -g -DNDEBUG  -DDLL_EXPORT -DPIC -DPIC conftest.cpp >&5
configure:14256: $? = 0
configure:14269: result: yes
configure:14292: checking if g++ static flag -static works
configure:14320: result: yes
configure:14332: checking if g++ supports -c -o file.o
configure:14353: g++ -c  -g -DNDEBUG  -o out/conftest2.o conftest.cpp >&5
configure:14357: $? = 0
configure:14379: result: yes
configure:14384: checking if g++ supports -c -o file.o
configure:14431: result: yes
configure:14461: checking whether the g++ linker (/usr/x86_64-pc-cygwin/bin/ld.exe) supports shared libraries
configure:14501: result: yes
configure:14642: checking dynamic linker characteristics
configure:15387: result: Win32 ld.exe
configure:15452: checking how to hardcode library paths into programs
configure:15477: result: immediate
configure:15547: checking for python
configure:15565: found /cygdrive/d/Applications/Python27/python
configure:15578: result: /cygdrive/d/Applications/Python27/python
configure:15596: /cygdrive/d/Applications/Python27/python -c import sys # split strings by '.' and convert to numeric. Append some zeros # because we need at least 4 digits for the hex conversion. # map returns an iterator in Python 3.0 and a list in 2.x minver = list(map(int, '2.3'.split('.'))) + [0, 0, 0] minverhex = 0 # xrange is not present in Python 3.0 and range returns an iterator for i in list(range(0, 4)): minverhex = (minverhex << 8) + minver[i] sys.exit(sys.hexversion < minverhex)
configure:15599: $? = 0
configure:15792: checking for the pthreads library -lpthreads
configure:15825: gcc -o conftest.exe     conftest.c -lpthreads  >&5
/usr/lib/gcc/x86_64-pc-cygwin/5.3.0/../../../../x86_64-pc-cygwin/bin/ld: cannot find -lpthreads
collect2: error: ld returned 1 exit status
configure:15825: $? = 1
configure: failed program was:
| /* confdefs.h */
| #define PACKAGE_NAME "Google C++ Testing Framework"
| #define PACKAGE_TARNAME "gtest"
| #define PACKAGE_VERSION "1.7.0"
| #define PACKAGE_STRING "Google C++ Testing Framework 1.7.0"
| #define PACKAGE_BUGREPORT "googletestframework@googlegroups.com"
| #define PACKAGE_URL ""
| #define PACKAGE "gtest"
| #define VERSION "1.7.0"
| #define STDC_HEADERS 1
| #define HAVE_SYS_TYPES_H 1
| #define HAVE_SYS_STAT_H 1
| #define HAVE_STDLIB_H 1
| #define HAVE_STRING_H 1
| #define HAVE_MEMORY_H 1
| #define HAVE_STRINGS_H 1
| #define HAVE_INTTYPES_H 1
| #define HAVE_STDINT_H 1
| #define HAVE_UNISTD_H 1
| #define HAVE_DLFCN_H 1
| #define LT_OBJDIR ".libs/"
| /* end confdefs.h.  */
| #include <pthread.h>
| int
| main ()
| {
| pthread_t th; pthread_join(th, 0);
|                      pthread_attr_init(0); pthread_cleanup_push(0, 0);
|                      pthread_create(0,0,0,0); pthread_cleanup_pop(0);
|   ;
|   return 0;
| }
configure:15834: result: no
configure:15737: checking whether pthreads work without any flags
configure:15825: gcc -o conftest.exe     conftest.c   >&5
configure:15825: $? = 0
configure:15834: result: yes
configure:15853: checking for joinable pthread attribute
configure:15868: gcc -o conftest.exe     conftest.c   >&5
configure:15868: $? = 0
configure:15874: result: PTHREAD_CREATE_JOINABLE
configure:15884: checking if more special flags are required for pthreads
configure:15891: result: no
configure:15980: checking whether to check for GCC pthread/shared inconsistencies
configure:15993: gcc -o conftest.exe -shared -fPIC -Wl,-z,defs     conftest.c   >&5
conftest.c:1:0: warning: -fPIC ignored for target (all code is position independent)
 /* confdefs.h */
 ^
/usr/lib/gcc/x86_64-pc-cygwin/5.3.0/../../../../x86_64-pc-cygwin/bin/ld: unrecognized option '-z'
/usr/lib/gcc/x86_64-pc-cygwin/5.3.0/../../../../x86_64-pc-cygwin/bin/ld: use the --help option for usage information
collect2: error: ld returned 1 exit status
configure:15993: $? = 1
configure: failed program was:
| /* confdefs.h */
| #define PACKAGE_NAME "Google C++ Testing Framework"
| #define PACKAGE_TARNAME "gtest"
| #define PACKAGE_VERSION "1.7.0"
| #define PACKAGE_STRING "Google C++ Testing Framework 1.7.0"
| #define PACKAGE_BUGREPORT "googletestframework@googlegroups.com"
| #define PACKAGE_URL ""
| #define PACKAGE "gtest"
| #define VERSION "1.7.0"
| #define STDC_HEADERS 1
| #define HAVE_SYS_TYPES_H 1
| #define HAVE_SYS_STAT_H 1
| #define HAVE_STDLIB_H 1
| #define HAVE_STRING_H 1
| #define HAVE_MEMORY_H 1
| #define HAVE_STRINGS_H 1
| #define HAVE_INTTYPES_H 1
| #define HAVE_STDINT_H 1
| #define HAVE_UNISTD_H 1
| #define HAVE_DLFCN_H 1
| #define LT_OBJDIR ".libs/"
| /* end confdefs.h.  */
| 
| int
| main ()
| {
| 
|   ;
|   return 0;
| }
configure:16002: result: no
configure:16315: creating ./config.status

## ---------------------- ##
## Running config.status. ##
## ---------------------- ##

This file was extended by Google C++ Testing Framework config.status 1.7.0, which was
generated by GNU Autoconf 2.69.  Invocation command line was

  CONFIG_FILES    = 
  CONFIG_HEADERS  = 
  CONFIG_LINKS    = 
  CONFIG_COMMANDS = 
  $ ./config.status 

on MININT-TEBN50G

config.status:1172: creating Makefile
config.status:1172: creating scripts/gtest-config
config.status:1172: creating build-aux/config.h
config.status:1401: executing depfiles commands
config.status:1401: executing libtool commands

## ---------------- ##
## Cache variables. ##
## ---------------- ##

ac_cv_build=x86_64-unknown-cygwin
ac_cv_c_compiler_gnu=yes
ac_cv_cxx_compiler_gnu=yes
ac_cv_env_CCC_set=
ac_cv_env_CCC_value=
ac_cv_env_CC_set=
ac_cv_env_CC_value=
ac_cv_env_CFLAGS_set=set
ac_cv_env_CFLAGS_value=
ac_cv_env_CPPFLAGS_set=
ac_cv_env_CPPFLAGS_value=
ac_cv_env_CPP_set=
ac_cv_env_CPP_value=
ac_cv_env_CXXCPP_set=
ac_cv_env_CXXCPP_value=
ac_cv_env_CXXFLAGS_set=set
ac_cv_env_CXXFLAGS_value=' -g -DNDEBUG'
ac_cv_env_CXX_set=
ac_cv_env_CXX_value=
ac_cv_env_LDFLAGS_set=
ac_cv_env_LDFLAGS_value=
ac_cv_env_LIBS_set=
ac_cv_env_LIBS_value=
ac_cv_env_LT_SYS_LIBRARY_PATH_set=
ac_cv_env_LT_SYS_LIBRARY_PATH_value=
ac_cv_env_build_alias_set=
ac_cv_env_build_alias_value=
ac_cv_env_host_alias_set=
ac_cv_env_host_alias_value=
ac_cv_env_target_alias_set=
ac_cv_env_target_alias_value=
ac_cv_exeext=.exe
ac_cv_header_dlfcn_h=yes
ac_cv_header_inttypes_h=yes
ac_cv_header_memory_h=yes
ac_cv_header_stdc=yes
ac_cv_header_stdint_h=yes
ac_cv_header_stdlib_h=yes
ac_cv_header_string_h=yes
ac_cv_header_strings_h=yes
ac_cv_header_sys_stat_h=yes
ac_cv_header_sys_types_h=yes
ac_cv_header_unistd_h=yes
ac_cv_host=x86_64-unknown-cygwin
ac_cv_objext=o
ac_cv_path_EGREP='/usr/bin/grep -E'
ac_cv_path_FGREP='/usr/bin/grep -F'
ac_cv_path_GREP=/usr/bin/grep
ac_cv_path_PYTHON=/cygdrive/d/Applications/Python27/python
ac_cv_path_SED=/usr/bin/sed
ac_cv_path_install='/usr/bin/install -c'
ac_cv_path_lt_DD=/usr/bin/dd
ac_cv_path_mkdir=/usr/bin/mkdir
ac_cv_prog_AWK=gawk
ac_cv_prog_CPP='gcc -E'
ac_cv_prog_CXXCPP='g++ -E'
ac_cv_prog_ac_ct_AR=ar
ac_cv_prog_ac_ct_CC=gcc
ac_cv_prog_ac_ct_CXX=g++
ac_cv_prog_ac_ct_DLLTOOL=dlltool
ac_cv_prog_ac_ct_OBJDUMP=objdump
ac_cv_prog_ac_ct_RANLIB=ranlib
ac_cv_prog_ac_ct_STRIP=strip
ac_cv_prog_cc_c89=
ac_cv_prog_cc_g=yes
ac_cv_prog_cxx_g=yes
ac_cv_prog_make_make_set=yes
am_cv_CC_dependencies_compiler_type=gcc3
am_cv_CXX_dependencies_compiler_type=gcc3
lt_cv_ar_at_file=@
lt_cv_archive_cmds_need_lc=yes
lt_cv_deplibs_check_method='file_magic ^x86 archive import|^x86 DLL'
lt_cv_file_magic_cmd=func_win32_libid
lt_cv_file_magic_test_file=
lt_cv_ld_reload_flag=-r
lt_cv_nm_interface='BSD nm'
lt_cv_objdir=.libs
lt_cv_path_LD=/usr/x86_64-pc-cygwin/bin/ld.exe
lt_cv_path_LDCXX=/usr/x86_64-pc-cygwin/bin/ld.exe
lt_cv_path_NM='/usr/bin/nm -B'
lt_cv_path_mainfest_tool=no
lt_cv_prog_compiler_c_o=yes
lt_cv_prog_compiler_c_o_CXX=yes
lt_cv_prog_compiler_pic='-DDLL_EXPORT -DPIC'
lt_cv_prog_compiler_pic_CXX='-DDLL_EXPORT -DPIC'
lt_cv_prog_compiler_pic_works=yes
lt_cv_prog_compiler_pic_works_CXX=yes
lt_cv_prog_compiler_rtti_exceptions=no
lt_cv_prog_compiler_static_works=yes
lt_cv_prog_compiler_static_works_CXX=yes
lt_cv_prog_gnu_ld=yes
lt_cv_prog_gnu_ldcxx=yes
lt_cv_sharedlib_from_linklib_cmd=func_cygming_dll_for_implib
lt_cv_sys_global_symbol_pipe='sed -n -e '\''s/^.*[	 ]\([ABCDGIRSTW][ABCDGIRSTW]*\)[	 ][	 ]*\([_A-Za-z][_A-Za-z0-9]*\)$/\1 \2 \2/p'\'' | sed '\''/ __gnu_lto/d'\'''
lt_cv_sys_global_symbol_to_c_name_address='sed -n -e '\''s/^: \(.*\) .*$/  {"\1", (void *) 0},/p'\'' -e '\''s/^[ABCDGIRSTW][ABCDGIRSTW]* .* \(.*\)$/  {"\1", (void *) \&\1},/p'\'''
lt_cv_sys_global_symbol_to_c_name_address_lib_prefix='sed -n -e '\''s/^: \(.*\) .*$/  {"\1", (void *) 0},/p'\'' -e '\''s/^[ABCDGIRSTW][ABCDGIRSTW]* .* \(lib.*\)$/  {"\1", (void *) \&\1},/p'\'' -e '\''s/^[ABCDGIRSTW][ABCDGIRSTW]* .* \(.*\)$/  {"lib\1", (void *) \&\1},/p'\'''
lt_cv_sys_global_symbol_to_cdecl='sed -n -e '\''s/^T .* \(.*\)$/extern int \1();/p'\'' -e '\''s/^[ABCDGIRSTW][ABCDGIRSTW]* .* \(.*\)$/extern char \1;/p'\'''
lt_cv_sys_global_symbol_to_import=
lt_cv_sys_max_cmd_len=8192
lt_cv_to_host_file_cmd=func_convert_file_noop
lt_cv_to_tool_file_cmd=func_convert_file_noop
lt_cv_truncate_bin='/usr/bin/dd bs=4096 count=1'

## ----------------- ##
## Output variables. ##
## ----------------- ##

ACLOCAL='${SHELL} /cygdrive/d/protobuf-master/gmock/gtest/build-aux/missing --run aclocal-1.11'
AMDEPBACKSLASH='\'
AMDEP_FALSE='#'
AMDEP_TRUE=''
AMTAR='$${TAR-tar}'
AR='ar'
AUTOCONF='${SHELL} /cygdrive/d/protobuf-master/gmock/gtest/build-aux/missing --run autoconf'
AUTOHEADER='${SHELL} /cygdrive/d/protobuf-master/gmock/gtest/build-aux/missing --run autoheader'
AUTOMAKE='${SHELL} /cygdrive/d/protobuf-master/gmock/gtest/build-aux/missing --run automake-1.11'
AWK='gawk'
CC='gcc'
CCDEPMODE='depmode=gcc3'
CFLAGS=''
CPP='gcc -E'
CPPFLAGS=''
CXX='g++'
CXXCPP='g++ -E'
CXXDEPMODE='depmode=gcc3'
CXXFLAGS=' -g -DNDEBUG'
CYGPATH_W='cygpath -w'
DEFS='-DHAVE_CONFIG_H'
DEPDIR='.deps'
DLLTOOL='dlltool'
DSYMUTIL=''
DUMPBIN=''
ECHO_C=''
ECHO_N='-n'
ECHO_T=''
EGREP='/usr/bin/grep -E'
EXEEXT='.exe'
FGREP='/usr/bin/grep -F'
GREP='/usr/bin/grep'
HAVE_PTHREADS_FALSE='#'
HAVE_PTHREADS_TRUE=''
HAVE_PYTHON_FALSE='#'
HAVE_PYTHON_TRUE=''
INSTALL_DATA='${INSTALL} -m 644'
INSTALL_PROGRAM='${INSTALL}'
INSTALL_SCRIPT='${INSTALL}'
INSTALL_STRIP_PROGRAM='$(install_sh) -c -s'
LD='/usr/x86_64-pc-cygwin/bin/ld.exe'
LDFLAGS=''
LIBOBJS=''
LIBS=''
LIBTOOL='$(SHELL) $(top_builddir)/libtool'
LIPO=''
LN_S='ln -s'
LTLIBOBJS=''
LT_SYS_LIBRARY_PATH=''
MAKEINFO='${SHELL} /cygdrive/d/protobuf-master/gmock/gtest/build-aux/missing --run makeinfo'
MANIFEST_TOOL=':'
MKDIR_P='/usr/bin/mkdir -p'
NM='/usr/bin/nm -B'
NMEDIT=''
OBJDUMP='objdump'
OBJEXT='o'
OTOOL64=''
OTOOL=''
PACKAGE='gtest'
PACKAGE_BUGREPORT='googletestframework@googlegroups.com'
PACKAGE_NAME='Google C++ Testing Framework'
PACKAGE_STRING='Google C++ Testing Framework 1.7.0'
PACKAGE_TARNAME='gtest'
PACKAGE_URL=''
PACKAGE_VERSION='1.7.0'
PATH_SEPARATOR=':'
PTHREAD_CC='gcc'
PTHREAD_CFLAGS=''
PTHREAD_LIBS=''
PYTHON='/cygdrive/d/Applications/Python27/python'
RANLIB='ranlib'
SED='/usr/bin/sed'
SET_MAKE=''
SHELL='/bin/sh'
STRIP='strip'
VERSION='1.7.0'
ac_ct_AR='ar'
ac_ct_CC='gcc'
ac_ct_CXX='g++'
ac_ct_DUMPBIN=''
acx_pthread_config=''
am__EXEEXT_FALSE='#'
am__EXEEXT_TRUE=''
am__fastdepCC_FALSE='#'
am__fastdepCC_TRUE=''
am__fastdepCXX_FALSE='#'
am__fastdepCXX_TRUE=''
am__include='include'
am__isrc=''
am__leading_dot='.'
am__nodep='_no'
am__quote=''
am__tar='$${TAR-tar} chof - "$$tardir"'
am__untar='$${TAR-tar} xf -'
bindir='${exec_prefix}/bin'
build='x86_64-unknown-cygwin'
build_alias=''
build_cpu='x86_64'
build_os='cygwin'
build_vendor='unknown'
datadir='${datarootdir}'
datarootdir='${prefix}/share'
docdir='${datarootdir}/doc/${PACKAGE_TARNAME}'
dvidir='${docdir}'
exec_prefix='${prefix}'
host='x86_64-unknown-cygwin'
host_alias=''
host_cpu='x86_64'
host_os='cygwin'
host_vendor='unknown'
htmldir='${docdir}'
includedir='${prefix}/include'
infodir='${datarootdir}/info'
install_sh='${SHELL} /cygdrive/d/protobuf-master/gmock/gtest/build-aux/install-sh'
libdir='${exec_prefix}/lib'
libexecdir='${exec_prefix}/libexec'
localedir='${datarootdir}/locale'
localstatedir='${prefix}/var'
mandir='${datarootdir}/man'
mkdir_p='/usr/bin/mkdir -p'
oldincludedir='/usr/include'
pdfdir='${docdir}'
prefix='/usr/local'
program_transform_name='s,x,x,'
psdir='${docdir}'
sbindir='${exec_prefix}/sbin'
sharedstatedir='${prefix}/com'
sysconfdir='${prefix}/etc'
target_alias=''

## ----------- ##
## confdefs.h. ##
## ----------- ##

/* confdefs.h */
#define PACKAGE_NAME "Google C++ Testing Framework"
#define PACKAGE_TARNAME "gtest"
#define PACKAGE_VERSION "1.7.0"
#define PACKAGE_STRING "Google C++ Testing Framework 1.7.0"
#define PACKAGE_BUGREPORT "googletestframework@googlegroups.com"
#define PACKAGE_URL ""
#define PACKAGE "gtest"
#define VERSION "1.7.0"
#define STDC_HEADERS 1
#define HAVE_SYS_TYPES_H 1
#define HAVE_SYS_STAT_H 1
#define HAVE_STDLIB_H 1
#define HAVE_STRING_H 1
#define HAVE_MEMORY_H 1
#define HAVE_STRINGS_H 1
#define HAVE_INTTYPES_H 1
#define HAVE_STDINT_H 1
#define HAVE_UNISTD_H 1
#define HAVE_DLFCN_H 1
#define LT_OBJDIR ".libs/"
#define HAVE_PTHREAD 1

configure: exit 0
