Determining size of off64_t failed with the following output:
Change Dir: D:/cmakeTF/tensorflow0.8/third_party/zlib/build/CMakeFiles/CMakeTmp

Run Build Command:"nmake" "/NOLOGO" "cmTC_f48be\fast"
	"C:\Program Files (x86)\Microsoft Visual Studio 14.0\VC\BIN\amd64\nmake.exe" -f CMakeFiles\cmTC_f48be.dir\build.make /nologo -L                  CMakeFiles\cmTC_f48be.dir\build
Building C object CMakeFiles/cmTC_f48be.dir/OFF64_T.c.obj
	C:\PROGRA~2\MICROS~3.0\VC\bin\amd64\cl.exe  @C:\Users\v-shaocs\AppData\Local\Temp\nmEBD1.tmp
OFF64_T.c
D:\cmakeTF\tensorflow0.8\third_party\zlib\build\CMakeFiles\CheckTypeSize\OFF64_T.c(19): error C2065: 'off64_t': undeclared identifier
D:\cmakeTF\tensorflow0.8\third_party\zlib\build\CMakeFiles\CheckTypeSize\OFF64_T.c(20): error C2065: 'off64_t': undeclared identifier
D:\cmakeTF\tensorflow0.8\third_party\zlib\build\CMakeFiles\CheckTypeSize\OFF64_T.c(21): error C2065: 'off64_t': undeclared identifier
D:\cmakeTF\tensorflow0.8\third_party\zlib\build\CMakeFiles\CheckTypeSize\OFF64_T.c(22): error C2065: 'off64_t': undeclared identifier
D:\cmakeTF\tensorflow0.8\third_party\zlib\build\CMakeFiles\CheckTypeSize\OFF64_T.c(23): error C2065: 'off64_t': undeclared identifier
NMAKE : fatal error U1077: 'C:\PROGRA~2\MICROS~3.0\VC\bin\amd64\cl.exe' : return code '0x2'
Stop.
NMAKE : fatal error U1077: '"C:\Program Files (x86)\Microsoft Visual Studio 14.0\VC\BIN\amd64\nmake.exe"' : return code '0x2'
Stop.

D:/cmakeTF/tensorflow0.8/third_party/zlib/build/CMakeFiles/CheckTypeSize/OFF64_T.c:
#include <sys/types.h>
#include <stdint.h>
#include <stddef.h>


#undef KEY
#if defined(__i386)
# define KEY '_','_','i','3','8','6'
#elif defined(__x86_64)
# define KEY '_','_','x','8','6','_','6','4'
#elif defined(__ppc__)
# define KEY '_','_','p','p','c','_','_'
#elif defined(__ppc64__)
# define KEY '_','_','p','p','c','6','4','_','_'
#endif

#define SIZE (sizeof(off64_t))
char info_size[] =  {'I', 'N', 'F', 'O', ':', 's','i','z','e','[',
  ('0' + ((SIZE / 10000)%10)),
  ('0' + ((SIZE / 1000)%10)),
  ('0' + ((SIZE / 100)%10)),
  ('0' + ((SIZE / 10)%10)),
  ('0' +  (SIZE    % 10)),
  ']',
#ifdef KEY
  ' ','k','e','y','[', KEY, ']',
#endif
  '\0'};

#ifdef __CLASSIC_C__
int main(argc, argv) int argc; char *argv[];
#else
int main(int argc, char *argv[])
#endif
{
  int require = 0;
  require += info_size[argc];
  (void)argv;
  return require;
}


Determining if the function fseeko exists failed with the following output:
Change Dir: D:/cmakeTF/tensorflow0.8/third_party/zlib/build/CMakeFiles/CMakeTmp

Run Build Command:"nmake" "/NOLOGO" "cmTC_c9b85\fast"
	"C:\Program Files (x86)\Microsoft Visual Studio 14.0\VC\BIN\amd64\nmake.exe" -f CMakeFiles\cmTC_c9b85.dir\build.make /nologo -L                  CMakeFiles\cmTC_c9b85.dir\build
Building C object CMakeFiles/cmTC_c9b85.dir/CheckFunctionExists.c.obj
	C:\PROGRA~2\MICROS~3.0\VC\bin\amd64\cl.exe  @C:\Users\v-shaocs\AppData\Local\Temp\nmED0A.tmp
CheckFunctionExists.c
Linking C executable cmTC_c9b85.exe
	D:\Applications\CMake\bin\cmake.exe -E vs_link_exe --intdir=CMakeFiles\cmTC_c9b85.dir --manifests  -- C:\PROGRA~2\MICROS~3.0\VC\bin\amd64\link.exe /nologo @CMakeFiles\cmTC_c9b85.dir\objects1.rsp @C:\Users\v-shaocs\AppData\Local\Temp\nmEDB7.tmp
CheckFunctionExists.c.obj : error LNK2019: unresolved external symbol fseeko referenced in function main
cmTC_c9b85.exe : fatal error LNK1120: 1 unresolved externals
LINK Pass 1 failed. with 1120
NMAKE : fatal error U1077: 'D:\Applications\CMake\bin\cmake.exe' : return code '0xffffffff'
Stop.
NMAKE : fatal error U1077: '"C:\Program Files (x86)\Microsoft Visual Studio 14.0\VC\BIN\amd64\nmake.exe"' : return code '0x2'
Stop.


Determining if the include file unistd.h exists failed with the following output:
Change Dir: D:/cmakeTF/tensorflow0.8/third_party/zlib/build/CMakeFiles/CMakeTmp

Run Build Command:"nmake" "/NOLOGO" "cmTC_fea57\fast"
	"C:\Program Files (x86)\Microsoft Visual Studio 14.0\VC\BIN\amd64\nmake.exe" -f CMakeFiles\cmTC_fea57.dir\build.make /nologo -L                  CMakeFiles\cmTC_fea57.dir\build
Building C object CMakeFiles/cmTC_fea57.dir/CheckIncludeFile.c.obj
	C:\PROGRA~2\MICROS~3.0\VC\bin\amd64\cl.exe  @C:\Users\v-shaocs\AppData\Local\Temp\nmEF9A.tmp
CheckIncludeFile.c
D:\cmakeTF\tensorflow0.8\third_party\zlib\build\CMakeFiles\CMakeTmp\CheckIncludeFile.c(1): fatal error C1083: Cannot open include file: 'unistd.h': No such file or directory
NMAKE : fatal error U1077: 'C:\PROGRA~2\MICROS~3.0\VC\bin\amd64\cl.exe' : return code '0x2'
Stop.
NMAKE : fatal error U1077: '"C:\Program Files (x86)\Microsoft Visual Studio 14.0\VC\BIN\amd64\nmake.exe"' : return code '0x2'
Stop.


